"D:/Workspace/UE_Workspace/UE5Project/Plugins/ExGameplayPlugin/Content/CommonUI/BP_SwitcherTab.uasset" 0
"D:/Workspace/UE_Workspace/UE5Project/Plugins/ExGameplayPlugin/Content/CommonUI/BP_SwitcherTab.uexp" 1
"D:/Workspace/UE_Workspace/UE5Project/Content/StarterContent/Materials/M_Basic_Wall.uasset" 2
"D:/Workspace/UE_Workspace/UE5Project/Content/StarterContent/Materials/M_Basic_Wall.uexp" 3
"D:/Workspace/UE_Workspace/UE5Project/Content/StarterContent/Shapes/Shape_Sphere.ubulk" 4
"D:/Workspace/UE_Workspace/UE5Project/Content/StarterContent/Shapes/Shape_Sphere.uasset" 5
"D:/Workspace/UE_Workspace/UE5Project/Content/StarterContent/Shapes/Shape_Sphere.uexp" 6
"D:/Workspace/UE_Workspace/UE5Project/Content/MainContent/TestContent/BillBoard/BP_Sphere.uasset" 7
"D:/Workspace/UE_Workspace/UE5Project/Content/MainContent/TestContent/BillBoard/BP_Sphere.uexp" 8
"../../../Engine/Content/EngineFonts/Faces/RobotoLight.uexp" 9
"../../../Engine/Content/EngineFonts/Faces/RobotoLight.uasset" 10
"../../../Engine/Content/EngineFonts/Faces/RobotoLight.ufont" 11
"../../../Engine/Content/EngineFonts/Faces/RobotoBold.uexp" 12
"../../../Engine/Content/EngineFonts/Faces/RobotoBold.uasset" 13
"../../../Engine/Content/EngineFonts/Faces/RobotoBold.ufont" 14
"../../../Engine/Content/EngineFonts/Faces/RobotoRegular.uexp" 15
"../../../Engine/Content/EngineFonts/Faces/RobotoRegular.uasset" 16
"../../../Engine/Content/EngineFonts/Faces/RobotoRegular.ufont" 17
"../../../Engine/Content/EngineFonts/Faces/DroidSansFallback.uexp" 18
"../../../Engine/Content/EngineFonts/Faces/DroidSansFallback.uasset" 19
"../../../Engine/Content/EngineFonts/Faces/DroidSansFallback.ufont" 20
"../../../Engine/Content/EngineFonts/Faces/RobotoItalic.uexp" 21
"../../../Engine/Content/EngineFonts/Faces/RobotoItalic.uasset" 22
"../../../Engine/Content/EngineFonts/Faces/RobotoItalic.ufont" 23
"../../../Engine/Content/EngineFonts/Faces/RobotoBoldItalic.uexp" 24
"../../../Engine/Content/EngineFonts/Faces/RobotoBoldItalic.uasset" 25
"../../../Engine/Content/EngineFonts/Faces/RobotoBoldItalic.ufont" 26
"../../../Engine/Content/EngineFonts/Roboto.uasset" 27
"../../../Engine/Content/EngineFonts/Roboto.uexp" 28
"../../../Engine/Content/EditorBlueprintResources/StandardMacros.uasset" 29
"../../../Engine/Content/EditorBlueprintResources/StandardMacros.uexp" 30
"D:/Workspace/UE_Workspace/UE5Project/Content/MainContent/UI/WB_MainUI.uasset" 31
"D:/Workspace/UE_Workspace/UE5Project/Content/MainContent/UI/WB_MainUI.uexp" 32
"D:/Workspace/UE_Workspace/UE5Project/Content/MainContent/Cheat/BP_MyCheat.uasset" 33
"D:/Workspace/UE_Workspace/UE5Project/Content/MainContent/Cheat/BP_MyCheat.uexp" 34
"../../../Engine/Plugins/Runtime/HairStrands/Content/Materials/HairMeshesDefaultMaterial.uasset" 35
"../../../Engine/Plugins/Runtime/HairStrands/Content/Materials/HairMeshesDefaultMaterial.uexp" 36
"../../../Engine/Plugins/Runtime/HairStrands/Content/Materials/HairDefaultMaterial.uasset" 37
"../../../Engine/Plugins/Runtime/HairStrands/Content/Materials/HairDefaultMaterial.uexp" 38
"../../../Engine/Plugins/Runtime/HairStrands/Content/Materials/HairGroupColors.uasset" 39
"../../../Engine/Plugins/Runtime/HairStrands/Content/Materials/HairGroupColors.uexp" 40
"../../../Engine/Content/Functions/Engine_MaterialFunctions02/Utility/MakeFloat2.uasset" 41
"../../../Engine/Content/Functions/Engine_MaterialFunctions02/Utility/MakeFloat2.uexp" 42
"../../../Engine/Content/Functions/Engine_MaterialFunctions02/Utility/MakeFloat3.uasset" 43
"../../../Engine/Content/Functions/Engine_MaterialFunctions02/Utility/MakeFloat3.uexp" 44
"../../../Engine/Content/EngineMaterials/HairColorMap.uasset" 45
"../../../Engine/Content/EngineMaterials/HairColorMap.uexp" 46
"../../../Engine/Content/EngineMaterials/HairDebugColor.uasset" 47
"../../../Engine/Content/EngineMaterials/HairDebugColor.uexp" 48
"../../../Engine/Plugins/Runtime/HairStrands/Content/Materials/HairDebugMaterial.uasset" 49
"../../../Engine/Plugins/Runtime/HairStrands/Content/Materials/HairDebugMaterial.uexp" 50
"../../../Engine/Plugins/Runtime/HairStrands/Content/Materials/HairCardsDefaultMaterial.uasset" 51
"../../../Engine/Plugins/Runtime/HairStrands/Content/Materials/HairCardsDefaultMaterial.uexp" 52
"../../../Engine/Plugins/Editor/SpeedTreeImporter/Content/SpeedTree9/game_wind_noise.ubulk" 53
"../../../Engine/Plugins/Editor/SpeedTreeImporter/Content/SpeedTree9/game_wind_noise.uasset" 54
"../../../Engine/Plugins/Editor/SpeedTreeImporter/Content/SpeedTree9/game_wind_noise.uexp" 55
"../../../Engine/Plugins/Editor/SpeedTreeImporter/Content/SpeedTree9/UnpackDirection.uasset" 56
"../../../Engine/Plugins/Editor/SpeedTreeImporter/Content/SpeedTree9/UnpackDirection.uexp" 57
"../../../Engine/Content/Functions/Engine_MaterialFunctions02/ObjectLocalBounds.uasset" 58
"../../../Engine/Content/Functions/Engine_MaterialFunctions02/ObjectLocalBounds.uexp" 59
"../../../Engine/Content/Functions/Engine_MaterialFunctions02/Utility/BreakOutFloat3Components.uasset" 60
"../../../Engine/Content/Functions/Engine_MaterialFunctions02/Utility/BreakOutFloat3Components.uexp" 61
"../../../Engine/Content/Functions/Engine_MaterialFunctions02/UVs/BoundingBoxBased_0-1_UVW.uasset" 62
"../../../Engine/Content/Functions/Engine_MaterialFunctions02/UVs/BoundingBoxBased_0-1_UVW.uexp" 63
"../../../Engine/Content/Functions/Engine_MaterialFunctions02/Utility/VectorLength.uasset" 64
"../../../Engine/Content/Functions/Engine_MaterialFunctions02/Utility/VectorLength.uexp" 65
"../../../Engine/Plugins/Editor/SpeedTreeImporter/Content/SpeedTree9/UnpackInteger3.uasset" 66
"../../../Engine/Plugins/Editor/SpeedTreeImporter/Content/SpeedTree9/UnpackInteger3.uexp" 67
"../../../Engine/Plugins/Editor/SpeedTreeImporter/Content/SpeedTree9/SpeedTreeCameraFacing.uasset" 68
"../../../Engine/Plugins/Editor/SpeedTreeImporter/Content/SpeedTree9/SpeedTreeCameraFacing.uexp" 69
"../../../Engine/Content/Functions/Engine_MaterialFunctions02/WorldPositionOffset/ObjectScale.uasset" 70
"../../../Engine/Content/Functions/Engine_MaterialFunctions02/WorldPositionOffset/ObjectScale.uexp" 71
"../../../Engine/Content/Functions/Engine_MaterialFunctions02/SafeNormalize.uasset" 72
"../../../Engine/Content/Functions/Engine_MaterialFunctions02/SafeNormalize.uexp" 73
"../../../Engine/Plugins/Editor/SpeedTreeImporter/Content/SpeedTree9/SpeedTreeWindMotion.uasset" 74
"../../../Engine/Plugins/Editor/SpeedTreeImporter/Content/SpeedTree9/SpeedTreeWindMotion.uexp" 75
"../../../Engine/Plugins/Editor/SpeedTreeImporter/Content/SpeedTree9/SpeedTreeBranchMotion.uasset" 76
"../../../Engine/Plugins/Editor/SpeedTreeImporter/Content/SpeedTree9/SpeedTreeBranchMotion.uexp" 77
"../../../Engine/Plugins/Editor/SpeedTreeImporter/Content/SpeedTree9/SpeedTreeWind.uasset" 78
"../../../Engine/Plugins/Editor/SpeedTreeImporter/Content/SpeedTree9/SpeedTreeWind.uexp" 79
"../../../Engine/Plugins/Editor/SpeedTreeImporter/Content/SpeedTree9/EmptyNormal.uasset" 80
"../../../Engine/Plugins/Editor/SpeedTreeImporter/Content/SpeedTree9/EmptyNormal.uexp" 81
"../../../Engine/Plugins/Editor/SpeedTreeImporter/Content/SpeedTree9/Empty.uasset" 82
"../../../Engine/Plugins/Editor/SpeedTreeImporter/Content/SpeedTree9/Empty.uexp" 83
"../../../Engine/Plugins/Editor/SpeedTreeImporter/Content/SpeedTree9/SpeedTreeMaster.uasset" 84
"../../../Engine/Plugins/Editor/SpeedTreeImporter/Content/SpeedTree9/SpeedTreeMaster.uexp" 85
"../../../Engine/Plugins/Editor/SpeedTreeImporter/Content/SpeedTree9/SpeedTreeBillboard.uasset" 86
"../../../Engine/Plugins/Editor/SpeedTreeImporter/Content/SpeedTree9/SpeedTreeBillboard.uexp" 87
"../../../Engine/Plugins/Editor/SpeedTreeImporter/Content/SpeedTree9/SpeedTreeBillboardMaster.uasset" 88
"../../../Engine/Plugins/Editor/SpeedTreeImporter/Content/SpeedTree9/SpeedTreeBillboardMaster.uexp" 89
"../../../Engine/Content/Functions/Engine_MaterialFunctions02/WorldPositionOffset/CameraOffset.uasset" 90
"../../../Engine/Content/Functions/Engine_MaterialFunctions02/WorldPositionOffset/CameraOffset.uexp" 91
"../../../Engine/Plugins/Animation/ControlRig/Content/M_Manip.uasset" 92
"../../../Engine/Plugins/Animation/ControlRig/Content/M_Manip.uexp" 93
"../../../Engine/Plugins/Animation/ControlRig/Content/Controls/DefaultGizmoLibraryNormalized.uasset" 94
"../../../Engine/Plugins/Animation/ControlRig/Content/Controls/DefaultGizmoLibraryNormalized.uexp" 95
"../../../Engine/Content/EngineMaterials/T_Default_Material_Grid_M.ubulk" 96
"../../../Engine/Content/EngineMaterials/T_Default_Material_Grid_M.uasset" 97
"../../../Engine/Content/EngineMaterials/T_Default_Material_Grid_M.uexp" 98
"../../../Engine/Content/EngineMaterials/T_Default_Material_Grid_N.ubulk" 99
"../../../Engine/Content/EngineMaterials/T_Default_Material_Grid_N.uasset" 100
"../../../Engine/Content/EngineMaterials/T_Default_Material_Grid_N.uexp" 101
"../../../Engine/Content/Functions/Engine_MaterialFunctions01/Opacity/CameraDepthFade.uasset" 102
"../../../Engine/Content/Functions/Engine_MaterialFunctions01/Opacity/CameraDepthFade.uexp" 103
"../../../Engine/Content/EngineMaterials/WorldGridMaterial.uasset" 104
"../../../Engine/Content/EngineMaterials/WorldGridMaterial.uexp" 105
"../../../Engine/Plugins/Animation/ControlRig/Content/Controls/ControlRig_Wedge_solid.ubulk" 106
"../../../Engine/Plugins/Animation/ControlRig/Content/Controls/ControlRig_Wedge_solid.uasset" 107
"../../../Engine/Plugins/Animation/ControlRig/Content/Controls/ControlRig_Wedge_solid.uexp" 108
"../../../Engine/Plugins/Animation/ControlRig/Content/Controls/ControlRig_Wedge_3mm.ubulk" 109
"../../../Engine/Plugins/Animation/ControlRig/Content/Controls/ControlRig_Wedge_3mm.uasset" 110
"../../../Engine/Plugins/Animation/ControlRig/Content/Controls/ControlRig_Wedge_3mm.uexp" 111
"../../../Engine/Plugins/Animation/ControlRig/Content/Controls/ControlRig_Wedge_1mm.ubulk" 112
"../../../Engine/Plugins/Animation/ControlRig/Content/Controls/ControlRig_Wedge_1mm.uasset" 113
"../../../Engine/Plugins/Animation/ControlRig/Content/Controls/ControlRig_Wedge_1mm.uexp" 114
"../../../Engine/Plugins/Animation/ControlRig/Content/Controls/ControlRig_Triangle_solid.ubulk" 115
"../../../Engine/Plugins/Animation/ControlRig/Content/Controls/ControlRig_Triangle_solid.uasset" 116
"../../../Engine/Plugins/Animation/ControlRig/Content/Controls/ControlRig_Triangle_solid.uexp" 117
"../../../Engine/Plugins/Animation/ControlRig/Content/Controls/ControlRig_Triangle_3mm.ubulk" 118
"../../../Engine/Plugins/Animation/ControlRig/Content/Controls/ControlRig_Triangle_3mm.uasset" 119
"../../../Engine/Plugins/Animation/ControlRig/Content/Controls/ControlRig_Triangle_3mm.uexp" 120
"../../../Engine/Plugins/Animation/ControlRig/Content/Controls/ControlRig_Triangle_1mm.ubulk" 121
"../../../Engine/Plugins/Animation/ControlRig/Content/Controls/ControlRig_Triangle_1mm.uasset" 122
"../../../Engine/Plugins/Animation/ControlRig/Content/Controls/ControlRig_Triangle_1mm.uexp" 123
"../../../Engine/Plugins/Animation/ControlRig/Content/Controls/ControlRig_Star4_solid.ubulk" 124
"../../../Engine/Plugins/Animation/ControlRig/Content/Controls/ControlRig_Star4_solid.uasset" 125
"../../../Engine/Plugins/Animation/ControlRig/Content/Controls/ControlRig_Star4_solid.uexp" 126
"../../../Engine/Plugins/Animation/ControlRig/Content/Controls/ControlRig_Star4_3mm.ubulk" 127
"../../../Engine/Plugins/Animation/ControlRig/Content/Controls/ControlRig_Star4_3mm.uasset" 128
"../../../Engine/Plugins/Animation/ControlRig/Content/Controls/ControlRig_Star4_3mm.uexp" 129
"../../../Engine/Plugins/Animation/ControlRig/Content/Controls/ControlRig_Star4_1mm.ubulk" 130
"../../../Engine/Plugins/Animation/ControlRig/Content/Controls/ControlRig_Star4_1mm.uasset" 131
"../../../Engine/Plugins/Animation/ControlRig/Content/Controls/ControlRig_Star4_1mm.uexp" 132
"../../../Engine/Plugins/Animation/ControlRig/Content/Controls/ControlRig_Square_solid.ubulk" 133
"../../../Engine/Plugins/Animation/ControlRig/Content/Controls/ControlRig_Square_solid.uasset" 134
"../../../Engine/Plugins/Animation/ControlRig/Content/Controls/ControlRig_Square_solid.uexp" 135
"../../../Engine/Plugins/Animation/ControlRig/Content/Controls/ControlRig_Square_3mm.ubulk" 136
"../../../Engine/Plugins/Animation/ControlRig/Content/Controls/ControlRig_Square_3mm.uasset" 137
"../../../Engine/Plugins/Animation/ControlRig/Content/Controls/ControlRig_Square_3mm.uexp" 138
"../../../Engine/Plugins/Animation/ControlRig/Content/Controls/ControlRig_Square_1mm.ubulk" 139
"../../../Engine/Plugins/Animation/ControlRig/Content/Controls/ControlRig_Square_1mm.uasset" 140
"../../../Engine/Plugins/Animation/ControlRig/Content/Controls/ControlRig_Square_1mm.uexp" 141
"../../../Engine/Plugins/Animation/ControlRig/Content/Controls/ControlRig_Sphere_solid.ubulk" 142
"../../../Engine/Plugins/Animation/ControlRig/Content/Controls/ControlRig_Sphere_solid.uasset" 143
"../../../Engine/Plugins/Animation/ControlRig/Content/Controls/ControlRig_Sphere_solid.uexp" 144
"../../../Engine/Plugins/Animation/ControlRig/Content/Controls/ControlRig_Sphere_3mm.ubulk" 145
"../../../Engine/Plugins/Animation/ControlRig/Content/Controls/ControlRig_Sphere_3mm.uasset" 146
"../../../Engine/Plugins/Animation/ControlRig/Content/Controls/ControlRig_Sphere_3mm.uexp" 147
"../../../Engine/Plugins/Animation/ControlRig/Content/Controls/ControlRig_Sphere_1mm.ubulk" 148
"../../../Engine/Plugins/Animation/ControlRig/Content/Controls/ControlRig_Sphere_1mm.uasset" 149
"../../../Engine/Plugins/Animation/ControlRig/Content/Controls/ControlRig_Sphere_1mm.uexp" 150
"../../../Engine/Plugins/Animation/ControlRig/Content/Controls/ControlRig_RoundedTriangle_solid.ubulk" 151
"../../../Engine/Plugins/Animation/ControlRig/Content/Controls/ControlRig_RoundedTriangle_solid.uasset" 152
"../../../Engine/Plugins/Animation/ControlRig/Content/Controls/ControlRig_RoundedTriangle_solid.uexp" 153
"../../../Engine/Plugins/Animation/ControlRig/Content/Controls/ControlRig_RoundedTriangle_3mm.ubulk" 154
"../../../Engine/Plugins/Animation/ControlRig/Content/Controls/ControlRig_RoundedTriangle_3mm.uasset" 155
"../../../Engine/Plugins/Animation/ControlRig/Content/Controls/ControlRig_RoundedTriangle_3mm.uexp" 156
"../../../Engine/Plugins/Animation/ControlRig/Content/Controls/ControlRig_RoundedTriangle_1mm.ubulk" 157
"../../../Engine/Plugins/Animation/ControlRig/Content/Controls/ControlRig_RoundedTriangle_1mm.uasset" 158
"../../../Engine/Plugins/Animation/ControlRig/Content/Controls/ControlRig_RoundedTriangle_1mm.uexp" 159
"../../../Engine/Plugins/Animation/ControlRig/Content/Controls/ControlRig_RoundedSquare_solid.ubulk" 160
"../../../Engine/Plugins/Animation/ControlRig/Content/Controls/ControlRig_RoundedSquare_solid.uasset" 161
"../../../Engine/Plugins/Animation/ControlRig/Content/Controls/ControlRig_RoundedSquare_solid.uexp" 162
"../../../Engine/Plugins/Animation/ControlRig/Content/Controls/ControlRig_RoundedSquare_3mm.ubulk" 163
"../../../Engine/Plugins/Animation/ControlRig/Content/Controls/ControlRig_RoundedSquare_3mm.uasset" 164
"../../../Engine/Plugins/Animation/ControlRig/Content/Controls/ControlRig_RoundedSquare_3mm.uexp" 165
"../../../Engine/Plugins/Animation/ControlRig/Content/Controls/ControlRig_RoundedSquare_1mm.ubulk" 166
"../../../Engine/Plugins/Animation/ControlRig/Content/Controls/ControlRig_RoundedSquare_1mm.uasset" 167
"../../../Engine/Plugins/Animation/ControlRig/Content/Controls/ControlRig_RoundedSquare_1mm.uexp" 168
"../../../Engine/Plugins/Animation/ControlRig/Content/Controls/ControlRig_QuarterCircle_solid.ubulk" 169
"../../../Engine/Plugins/Animation/ControlRig/Content/Controls/ControlRig_QuarterCircle_solid.uasset" 170
"../../../Engine/Plugins/Animation/ControlRig/Content/Controls/ControlRig_QuarterCircle_solid.uexp" 171
"../../../Engine/Plugins/Animation/ControlRig/Content/Controls/ControlRig_QuarterCircle_3mm.ubulk" 172
"../../../Engine/Plugins/Animation/ControlRig/Content/Controls/ControlRig_QuarterCircle_3mm.uasset" 173
"../../../Engine/Plugins/Animation/ControlRig/Content/Controls/ControlRig_QuarterCircle_3mm.uexp" 174
"../../../Engine/Plugins/Animation/ControlRig/Content/Controls/ControlRig_QuarterCircle_1mm.ubulk" 175
"../../../Engine/Plugins/Animation/ControlRig/Content/Controls/ControlRig_QuarterCircle_1mm.uasset" 176
"../../../Engine/Plugins/Animation/ControlRig/Content/Controls/ControlRig_QuarterCircle_1mm.uexp" 177
"../../../Engine/Plugins/Animation/ControlRig/Content/Controls/ControlRig_Pyramid_solid.ubulk" 178
"../../../Engine/Plugins/Animation/ControlRig/Content/Controls/ControlRig_Pyramid_solid.uasset" 179
"../../../Engine/Plugins/Animation/ControlRig/Content/Controls/ControlRig_Pyramid_solid.uexp" 180
"../../../Engine/Plugins/Animation/ControlRig/Content/Controls/ControlRig_Pyramid_3mm.ubulk" 181
"../../../Engine/Plugins/Animation/ControlRig/Content/Controls/ControlRig_Pyramid_3mm.uasset" 182
"../../../Engine/Plugins/Animation/ControlRig/Content/Controls/ControlRig_Pyramid_3mm.uexp" 183
"../../../Engine/Plugins/Animation/ControlRig/Content/Controls/ControlRig_Pyramid_1mm.ubulk" 184
"../../../Engine/Plugins/Animation/ControlRig/Content/Controls/ControlRig_Pyramid_1mm.uasset" 185
"../../../Engine/Plugins/Animation/ControlRig/Content/Controls/ControlRig_Pyramid_1mm.uexp" 186
"../../../Engine/Plugins/Animation/ControlRig/Content/Controls/ControlRig_Octagon_solid.ubulk" 187
"../../../Engine/Plugins/Animation/ControlRig/Content/Controls/ControlRig_Octagon_solid.uasset" 188
"../../../Engine/Plugins/Animation/ControlRig/Content/Controls/ControlRig_Octagon_solid.uexp" 189
"../../../Engine/Plugins/Animation/ControlRig/Content/Controls/ControlRig_Octagon_3mm.ubulk" 190
"../../../Engine/Plugins/Animation/ControlRig/Content/Controls/ControlRig_Octagon_3mm.uasset" 191
"../../../Engine/Plugins/Animation/ControlRig/Content/Controls/ControlRig_Octagon_3mm.uexp" 192
"../../../Engine/Plugins/Animation/ControlRig/Content/Controls/ControlRig_Octagon_1mm.ubulk" 193
"../../../Engine/Plugins/Animation/ControlRig/Content/Controls/ControlRig_Octagon_1mm.uasset" 194
"../../../Engine/Plugins/Animation/ControlRig/Content/Controls/ControlRig_Octagon_1mm.uexp" 195
"../../../Engine/Plugins/Animation/ControlRig/Content/Controls/ControlRig_Hexagon_solid.ubulk" 196
"../../../Engine/Plugins/Animation/ControlRig/Content/Controls/ControlRig_Hexagon_solid.uasset" 197
"../../../Engine/Plugins/Animation/ControlRig/Content/Controls/ControlRig_Hexagon_solid.uexp" 198
"../../../Engine/Plugins/Animation/ControlRig/Content/Controls/ControlRig_Hexagon_3mm.ubulk" 199
"../../../Engine/Plugins/Animation/ControlRig/Content/Controls/ControlRig_Hexagon_3mm.uasset" 200
"../../../Engine/Plugins/Animation/ControlRig/Content/Controls/ControlRig_Hexagon_3mm.uexp" 201
"../../../Engine/Plugins/Animation/ControlRig/Content/Controls/ControlRig_Hexagon_1mm.ubulk" 202
"../../../Engine/Plugins/Animation/ControlRig/Content/Controls/ControlRig_Hexagon_1mm.uasset" 203
"../../../Engine/Plugins/Animation/ControlRig/Content/Controls/ControlRig_Hexagon_1mm.uexp" 204
"../../../Engine/Plugins/Animation/ControlRig/Content/Controls/ControlRig_HalfCircle_solid.ubulk" 205
"../../../Engine/Plugins/Animation/ControlRig/Content/Controls/ControlRig_HalfCircle_solid.uasset" 206
"../../../Engine/Plugins/Animation/ControlRig/Content/Controls/ControlRig_HalfCircle_solid.uexp" 207
"../../../Engine/Plugins/Animation/ControlRig/Content/Controls/ControlRig_HalfCircle_3mm.ubulk" 208
"../../../Engine/Plugins/Animation/ControlRig/Content/Controls/ControlRig_HalfCircle_3mm.uasset" 209
"../../../Engine/Plugins/Animation/ControlRig/Content/Controls/ControlRig_HalfCircle_3mm.uexp" 210
"../../../Engine/Plugins/Animation/ControlRig/Content/Controls/ControlRig_HalfCircle_1mm.ubulk" 211
"../../../Engine/Plugins/Animation/ControlRig/Content/Controls/ControlRig_HalfCircle_1mm.uasset" 212
"../../../Engine/Plugins/Animation/ControlRig/Content/Controls/ControlRig_HalfCircle_1mm.uexp" 213
"../../../Engine/Plugins/Animation/ControlRig/Content/Controls/ControlRig_Diamond_solid.ubulk" 214
"../../../Engine/Plugins/Animation/ControlRig/Content/Controls/ControlRig_Diamond_solid.uasset" 215
"../../../Engine/Plugins/Animation/ControlRig/Content/Controls/ControlRig_Diamond_solid.uexp" 216
"../../../Engine/Plugins/Animation/ControlRig/Content/Controls/ControlRig_Diamond_3mm.ubulk" 217
"../../../Engine/Plugins/Animation/ControlRig/Content/Controls/ControlRig_Diamond_3mm.uasset" 218
"../../../Engine/Plugins/Animation/ControlRig/Content/Controls/ControlRig_Diamond_3mm.uexp" 219
"../../../Engine/Plugins/Animation/ControlRig/Content/Controls/ControlRig_Diamond_1mm.ubulk" 220
"../../../Engine/Plugins/Animation/ControlRig/Content/Controls/ControlRig_Diamond_1mm.uasset" 221
"../../../Engine/Plugins/Animation/ControlRig/Content/Controls/ControlRig_Diamond_1mm.uexp" 222
"../../../Engine/Plugins/Animation/ControlRig/Content/Controls/ControlRig_Circle_solid.ubulk" 223
"../../../Engine/Plugins/Animation/ControlRig/Content/Controls/ControlRig_Circle_solid.uasset" 224
"../../../Engine/Plugins/Animation/ControlRig/Content/Controls/ControlRig_Circle_solid.uexp" 225
"../../../Engine/Plugins/Animation/ControlRig/Content/Controls/ControlRig_Circle_3mm.ubulk" 226
"../../../Engine/Plugins/Animation/ControlRig/Content/Controls/ControlRig_Circle_3mm.uasset" 227
"../../../Engine/Plugins/Animation/ControlRig/Content/Controls/ControlRig_Circle_3mm.uexp" 228
"../../../Engine/Plugins/Animation/ControlRig/Content/Controls/ControlRig_Circle_1mm.ubulk" 229
"../../../Engine/Plugins/Animation/ControlRig/Content/Controls/ControlRig_Circle_1mm.uasset" 230
"../../../Engine/Plugins/Animation/ControlRig/Content/Controls/ControlRig_Circle_1mm.uexp" 231
"../../../Engine/Plugins/Animation/ControlRig/Content/Controls/ControlRig_Box_solid.ubulk" 232
"../../../Engine/Plugins/Animation/ControlRig/Content/Controls/ControlRig_Box_solid.uasset" 233
"../../../Engine/Plugins/Animation/ControlRig/Content/Controls/ControlRig_Box_solid.uexp" 234
"../../../Engine/Plugins/Animation/ControlRig/Content/Controls/ControlRig_Box_3mm.ubulk" 235
"../../../Engine/Plugins/Animation/ControlRig/Content/Controls/ControlRig_Box_3mm.uasset" 236
"../../../Engine/Plugins/Animation/ControlRig/Content/Controls/ControlRig_Box_3mm.uexp" 237
"../../../Engine/Plugins/Animation/ControlRig/Content/Controls/ControlRig_Box_1mm.ubulk" 238
"../../../Engine/Plugins/Animation/ControlRig/Content/Controls/ControlRig_Box_1mm.uasset" 239
"../../../Engine/Plugins/Animation/ControlRig/Content/Controls/ControlRig_Box_1mm.uexp" 240
"../../../Engine/Plugins/Animation/ControlRig/Content/Controls/ControlRig_Arrow_solid.ubulk" 241
"../../../Engine/Plugins/Animation/ControlRig/Content/Controls/ControlRig_Arrow_solid.uasset" 242
"../../../Engine/Plugins/Animation/ControlRig/Content/Controls/ControlRig_Arrow_solid.uexp" 243
"../../../Engine/Plugins/Animation/ControlRig/Content/Controls/ControlRig_Arrow_3mm.ubulk" 244
"../../../Engine/Plugins/Animation/ControlRig/Content/Controls/ControlRig_Arrow_3mm.uasset" 245
"../../../Engine/Plugins/Animation/ControlRig/Content/Controls/ControlRig_Arrow_3mm.uexp" 246
"../../../Engine/Plugins/Animation/ControlRig/Content/Controls/ControlRig_Arrow_1mm.ubulk" 247
"../../../Engine/Plugins/Animation/ControlRig/Content/Controls/ControlRig_Arrow_1mm.uasset" 248
"../../../Engine/Plugins/Animation/ControlRig/Content/Controls/ControlRig_Arrow_1mm.uexp" 249
"../../../Engine/Plugins/Animation/ControlRig/Content/Controls/ControlRig_Arrow4_solid.ubulk" 250
"../../../Engine/Plugins/Animation/ControlRig/Content/Controls/ControlRig_Arrow4_solid.uasset" 251
"../../../Engine/Plugins/Animation/ControlRig/Content/Controls/ControlRig_Arrow4_solid.uexp" 252
"../../../Engine/Plugins/Animation/ControlRig/Content/Controls/ControlRig_Arrow4_3mm.ubulk" 253
"../../../Engine/Plugins/Animation/ControlRig/Content/Controls/ControlRig_Arrow4_3mm.uasset" 254
"../../../Engine/Plugins/Animation/ControlRig/Content/Controls/ControlRig_Arrow4_3mm.uexp" 255
"../../../Engine/Plugins/Animation/ControlRig/Content/Controls/ControlRig_Arrow4_1mm.ubulk" 256
"../../../Engine/Plugins/Animation/ControlRig/Content/Controls/ControlRig_Arrow4_1mm.uasset" 257
"../../../Engine/Plugins/Animation/ControlRig/Content/Controls/ControlRig_Arrow4_1mm.uexp" 258
"../../../Engine/Plugins/Animation/ControlRig/Content/Controls/ControlRig_Arrow2_solid.ubulk" 259
"../../../Engine/Plugins/Animation/ControlRig/Content/Controls/ControlRig_Arrow2_solid.uasset" 260
"../../../Engine/Plugins/Animation/ControlRig/Content/Controls/ControlRig_Arrow2_solid.uexp" 261
"../../../Engine/Plugins/Animation/ControlRig/Content/Controls/ControlRig_Arrow2_3mm.ubulk" 262
"../../../Engine/Plugins/Animation/ControlRig/Content/Controls/ControlRig_Arrow2_3mm.uasset" 263
"../../../Engine/Plugins/Animation/ControlRig/Content/Controls/ControlRig_Arrow2_3mm.uexp" 264
"../../../Engine/Plugins/Animation/ControlRig/Content/Controls/ControlRig_Arrow2_1mm.ubulk" 265
"../../../Engine/Plugins/Animation/ControlRig/Content/Controls/ControlRig_Arrow2_1mm.uasset" 266
"../../../Engine/Plugins/Animation/ControlRig/Content/Controls/ControlRig_Arrow2_1mm.uexp" 267
"../../../Engine/Plugins/Animation/ControlRig/Content/Controls/ControlRigGizmoMaterial.uasset" 268
"../../../Engine/Plugins/Animation/ControlRig/Content/Controls/ControlRigGizmoMaterial.uexp" 269
"../../../Engine/Plugins/2D/Paper2D/Content/PlaceholderTextures/DummySpriteTexture.ubulk" 270
"../../../Engine/Plugins/2D/Paper2D/Content/PlaceholderTextures/DummySpriteTexture.uasset" 271
"../../../Engine/Plugins/2D/Paper2D/Content/PlaceholderTextures/DummySpriteTexture.uexp" 272
"../../../Engine/Plugins/2D/Paper2D/Content/DefaultSpriteMaterial.uasset" 273
"../../../Engine/Plugins/2D/Paper2D/Content/DefaultSpriteMaterial.uexp" 274
"../../../Engine/Plugins/2D/Paper2D/Content/OpaqueUnlitSpriteMaterial.uasset" 275
"../../../Engine/Plugins/2D/Paper2D/Content/OpaqueUnlitSpriteMaterial.uexp" 276
"../../../Engine/Plugins/2D/Paper2D/Content/MaskedUnlitSpriteMaterial.uasset" 277
"../../../Engine/Plugins/2D/Paper2D/Content/MaskedUnlitSpriteMaterial.uexp" 278
"../../../Engine/Plugins/2D/Paper2D/Content/DummySprite.uasset" 279
"../../../Engine/Plugins/2D/Paper2D/Content/DummySprite.uexp" 280
"../../../Engine/Plugins/2D/Paper2D/Content/DefaultPaperTerrainMaterial.uasset" 281
"../../../Engine/Plugins/2D/Paper2D/Content/DefaultPaperTerrainMaterial.uexp" 282
"../../../Engine/Content/VREditor/TransformGizmo/Main.uasset" 283
"../../../Engine/Content/VREditor/TransformGizmo/Main.uexp" 284
"../../../Engine/Content/VREditor/TransformGizmo/Xray.uasset" 285
"../../../Engine/Content/VREditor/TransformGizmo/Xray.uexp" 286
"../../../Engine/Content/VREditor/TransformGizmo/SM_Sequencer_Node.ubulk" 287
"../../../Engine/Content/VREditor/TransformGizmo/SM_Sequencer_Node.uasset" 288
"../../../Engine/Content/VREditor/TransformGizmo/SM_Sequencer_Node.uexp" 289
"../../../Engine/Content/VREditor/LaserPointer/VR_LaserPower_01.ubulk" 290
"../../../Engine/Content/VREditor/LaserPointer/VR_LaserPower_01.uasset" 291
"../../../Engine/Content/VREditor/LaserPointer/VR_LaserPower_01.uexp" 292
"../../../Engine/Content/VREditor/TransformGizmo/TransformGizmoMaterial.uasset" 293
"../../../Engine/Content/VREditor/TransformGizmo/TransformGizmoMaterial.uexp" 294
"../../../Engine/Content/VREditor/TransformGizmo/TranslucentTransformGizmoMaterial.uasset" 295
"../../../Engine/Content/VREditor/TransformGizmo/TranslucentTransformGizmoMaterial.uexp" 296
"../../../Engine/Content/VREditor/TransformGizmo/PlaneTranslationHandle.ubulk" 297
"../../../Engine/Content/VREditor/TransformGizmo/PlaneTranslationHandle.uasset" 298
"../../../Engine/Content/VREditor/TransformGizmo/PlaneTranslationHandle.uexp" 299
"../../../Engine/Content/VREditor/TransformGizmo/BoundingBoxEdge.ubulk" 300
"../../../Engine/Content/VREditor/TransformGizmo/BoundingBoxEdge.uasset" 301
"../../../Engine/Content/VREditor/TransformGizmo/BoundingBoxEdge.uexp" 302
"../../../Engine/Content/VREditor/TransformGizmo/BoundingBoxCorner.ubulk" 303
"../../../Engine/Content/VREditor/TransformGizmo/BoundingBoxCorner.uasset" 304
"../../../Engine/Content/VREditor/TransformGizmo/BoundingBoxCorner.uexp" 305
"../../../Engine/Content/Tutorial/ContentIntroCurve.uasset" 306
"../../../Engine/Content/Tutorial/ContentIntroCurve.uexp" 307
"../../../Engine/Content/MobileResources/HUD/VirtualJoystick_Background.uasset" 308
"../../../Engine/Content/MobileResources/HUD/VirtualJoystick_Background.uexp" 309
"../../../Engine/Content/MobileResources/HUD/VirtualJoystick_Thumb.uasset" 310
"../../../Engine/Content/MobileResources/HUD/VirtualJoystick_Thumb.uexp" 311
"../../../Engine/Content/MobileResources/HUD/DefaultVirtualJoysticks.uasset" 312
"../../../Engine/Content/MobileResources/HUD/DefaultVirtualJoysticks.uexp" 313
"../../../Engine/Content/Functions/Engine_MaterialFunctions01/Shading/PowerToRoughness.uasset" 314
"../../../Engine/Content/Functions/Engine_MaterialFunctions01/Shading/PowerToRoughness.uexp" 315
"../../../Engine/Content/Functions/Engine_MaterialFunctions01/Shading/ConvertFromDiffSpec.uasset" 316
"../../../Engine/Content/Functions/Engine_MaterialFunctions01/Shading/ConvertFromDiffSpec.uexp" 317
"../../../Engine/Content/EngineSounds/Master.uasset" 318
"../../../Engine/Content/EngineSounds/Master.uexp" 319
"../../../Engine/Content/EngineSky/VolumetricClouds/CloudWeatherTexture.uasset" 320
"../../../Engine/Content/EngineSky/VolumetricClouds/CloudWeatherTexture.uexp" 321
"../../../Engine/Content/EngineSky/VolumetricClouds/CloudGradientTexture.uasset" 322
"../../../Engine/Content/EngineSky/VolumetricClouds/CloudGradientTexture.uexp" 323
"../../../Engine/Content/EngineSky/VolumetricClouds/T_NoiseShape64.ubulk" 324
"../../../Engine/Content/EngineSky/VolumetricClouds/T_NoiseShape64.uasset" 325
"../../../Engine/Content/EngineSky/VolumetricClouds/T_NoiseShape64.uexp" 326
"../../../Engine/Content/EngineSky/VolumetricClouds/T_VolumeNoiseShape64.uasset" 327
"../../../Engine/Content/EngineSky/VolumetricClouds/T_VolumeNoiseShape64.uexp" 328
"../../../Engine/Content/EngineSky/VolumetricClouds/T_NoiseErosion.ubulk" 329
"../../../Engine/Content/EngineSky/VolumetricClouds/T_NoiseErosion.uasset" 330
"../../../Engine/Content/EngineSky/VolumetricClouds/T_NoiseErosion.uexp" 331
"../../../Engine/Content/EngineSky/VolumetricClouds/T_VolumeNoiseErosion32.uasset" 332
"../../../Engine/Content/EngineSky/VolumetricClouds/T_VolumeNoiseErosion32.uexp" 333
"../../../Engine/Content/EngineSky/VolumetricClouds/m_SimpleVolumetricCloud.uasset" 334
"../../../Engine/Content/EngineSky/VolumetricClouds/m_SimpleVolumetricCloud.uexp" 335
"../../../Engine/Content/EngineSky/VolumetricClouds/m_SimpleVolumetricCloud_Inst.uasset" 336
"../../../Engine/Content/EngineSky/VolumetricClouds/m_SimpleVolumetricCloud_Inst.uexp" 337
"../../../Engine/Content/EngineResources/GradientTexture0.uasset" 338
"../../../Engine/Content/EngineResources/GradientTexture0.uexp" 339
"../../../Engine/Content/EngineResources/DefaultVolumeTexture2D.uasset" 340
"../../../Engine/Content/EngineResources/DefaultVolumeTexture2D.uexp" 341
"../../../Engine/Content/EngineResources/DefaultVolumeTexture.uasset" 342
"../../../Engine/Content/EngineResources/DefaultVolumeTexture.uexp" 343
"../../../Engine/Content/EngineResources/DefaultTextureCube.uasset" 344
"../../../Engine/Content/EngineResources/DefaultTextureCube.uexp" 345
"../../../Engine/Content/EngineResources/DefaultTexture.ubulk" 346
"../../../Engine/Content/EngineResources/DefaultTexture.uasset" 347
"../../../Engine/Content/EngineResources/DefaultTexture.uexp" 348
"../../../Engine/Content/EngineResources/Black.uasset" 349
"../../../Engine/Content/EngineResources/Black.uexp" 350
"../../../Engine/Content/EngineResources/FilmGrains/Marcie_Grain_v3_128_M2_000.uasset" 351
"../../../Engine/Content/EngineResources/FilmGrains/Marcie_Grain_v3_128_M2_000.uexp" 352
"../../../Engine/Content/EngineMeshes/Sphere.ubulk" 353
"../../../Engine/Content/EngineMeshes/Sphere.uasset" 354
"../../../Engine/Content/EngineMeshes/Sphere.uexp" 355
"../../../Engine/Content/EngineResources/WhiteSquareTexture.uasset" 356
"../../../Engine/Content/EngineResources/WhiteSquareTexture.uexp" 357
"../../../Engine/Content/EngineMaterials/Widget3DPassThrough.uasset" 358
"../../../Engine/Content/EngineMaterials/Widget3DPassThrough.uexp" 359
"../../../Engine/Content/EngineMaterials/Widget3DPassThrough_Translucent.uasset" 360
"../../../Engine/Content/EngineMaterials/Widget3DPassThrough_Translucent.uexp" 361
"../../../Engine/Content/EngineMaterials/Widget3DPassThrough_Translucent_OneSided.uasset" 362
"../../../Engine/Content/EngineMaterials/Widget3DPassThrough_Translucent_OneSided.uexp" 363
"../../../Engine/Content/EngineMaterials/Widget3DPassThrough_Opaque.uasset" 364
"../../../Engine/Content/EngineMaterials/Widget3DPassThrough_Opaque.uexp" 365
"../../../Engine/Content/EngineMaterials/Widget3DPassThrough_Opaque_OneSided.uasset" 366
"../../../Engine/Content/EngineMaterials/Widget3DPassThrough_Opaque_OneSided.uexp" 367
"../../../Engine/Content/EngineMaterials/Widget3DPassThrough_Masked_OneSided.uasset" 368
"../../../Engine/Content/EngineMaterials/Widget3DPassThrough_Masked_OneSided.uexp" 369
"../../../Engine/Content/EngineMaterials/Widget3DPassThrough_Masked.uasset" 370
"../../../Engine/Content/EngineMaterials/Widget3DPassThrough_Masked.uexp" 371
"../../../Engine/Content/EngineMaterials/WeightMapPlaceholderTexture.uasset" 372
"../../../Engine/Content/EngineMaterials/WeightMapPlaceholderTexture.uexp" 373
"../../../Engine/Content/EngineMaterials/RemoveSurfaceMaterial.uasset" 374
"../../../Engine/Content/EngineMaterials/RemoveSurfaceMaterial.uexp" 375
"../../../Engine/Content/EngineMaterials/PreintegratedSkinBRDF.uasset" 376
"../../../Engine/Content/EngineMaterials/PreintegratedSkinBRDF.uexp" 377
"../../../Engine/Content/EngineMaterials/DefaultCalibrationGrayscale.uasset" 378
"../../../Engine/Content/EngineMaterials/DefaultCalibrationGrayscale.uexp" 379
"../../../Engine/Content/EngineMaterials/PPM_DefaultCalibrationGrayscale.uasset" 380
"../../../Engine/Content/EngineMaterials/PPM_DefaultCalibrationGrayscale.uexp" 381
"../../../Engine/Content/EngineMaterials/DefaultCalibrationColor.uasset" 382
"../../../Engine/Content/EngineMaterials/DefaultCalibrationColor.uexp" 383
"../../../Engine/Content/EngineMaterials/PPM_DefaultCalibrationColor.uasset" 384
"../../../Engine/Content/EngineMaterials/PPM_DefaultCalibrationColor.uexp" 385
"../../../Engine/Content/EngineMaterials/PhAT_JointLimitMaterial.uasset" 386
"../../../Engine/Content/EngineMaterials/PhAT_JointLimitMaterial.uexp" 387
"../../../Engine/Content/EngineMaterials/InvalidLightmapSettings.ubulk" 388
"../../../Engine/Content/EngineMaterials/InvalidLightmapSettings.uasset" 389
"../../../Engine/Content/EngineMaterials/InvalidLightmapSettings.uexp" 390
"../../../Engine/Content/EngineMaterials/M_InvalidLightmapSettings.uasset" 391
"../../../Engine/Content/EngineMaterials/M_InvalidLightmapSettings.uexp" 392
"../../../Engine/Content/EngineMaterials/MiniFont.uasset" 393
"../../../Engine/Content/EngineMaterials/MiniFont.uexp" 394
"../../../Engine/Content/EngineMaterials/Good64x64TilingNoiseHighFreq.uasset" 395
"../../../Engine/Content/EngineMaterials/Good64x64TilingNoiseHighFreq.uexp" 396
"../../../Engine/Content/EngineMaterials/GizmoMaterial.uasset" 397
"../../../Engine/Content/EngineMaterials/GizmoMaterial.uexp" 398
"../../../Engine/Content/EngineMaterials/BaseFlattenEmissiveMap_VT.uasset" 399
"../../../Engine/Content/EngineMaterials/BaseFlattenEmissiveMap_VT.uexp" 400
"../../../Engine/Content/EngineMaterials/BaseFlattenGrayscaleMap_VT.uasset" 401
"../../../Engine/Content/EngineMaterials/BaseFlattenGrayscaleMap_VT.uexp" 402
"../../../Engine/Content/EngineMaterials/BaseFlattenLinearColor_VT.uasset" 403
"../../../Engine/Content/EngineMaterials/BaseFlattenLinearColor_VT.uexp" 404
"../../../Engine/Content/EngineMaterials/Black_1x1_EXR_Texture_VT.uasset" 405
"../../../Engine/Content/EngineMaterials/Black_1x1_EXR_Texture_VT.uexp" 406
"../../../Engine/Content/EngineMaterials/BaseFlattenDiffuseMap_VT.uasset" 407
"../../../Engine/Content/EngineMaterials/BaseFlattenDiffuseMap_VT.uexp" 408
"../../../Engine/Content/EngineMaterials/BaseFlattenNormalMap_VT.uasset" 409
"../../../Engine/Content/EngineMaterials/BaseFlattenNormalMap_VT.uexp" 410
"../../../Engine/Content/EngineMaterials/FlattenMaterial_WS_Normal_VT.uasset" 411
"../../../Engine/Content/EngineMaterials/FlattenMaterial_WS_Normal_VT.uexp" 412
"../../../Engine/Content/EngineMaterials/FlattenMaterial_VT.uasset" 413
"../../../Engine/Content/EngineMaterials/FlattenMaterial_VT.uexp" 414
"../../../Engine/Content/EngineMaterials/BaseFlattenNormalMap.uasset" 415
"../../../Engine/Content/EngineMaterials/BaseFlattenNormalMap.uexp" 416
"../../../Engine/Content/EngineMaterials/BaseFlattenGrayscaleMap.uasset" 417
"../../../Engine/Content/EngineMaterials/BaseFlattenGrayscaleMap.uexp" 418
"../../../Engine/Content/EngineMaterials/BaseFlattenDiffuseMap.uasset" 419
"../../../Engine/Content/EngineMaterials/BaseFlattenDiffuseMap.uexp" 420
"../../../Engine/Content/Functions/Engine_MaterialFunctions02/PivotPainter2/Black_1x1_EXR_Texture.uasset" 421
"../../../Engine/Content/Functions/Engine_MaterialFunctions02/PivotPainter2/Black_1x1_EXR_Texture.uexp" 422
"../../../Engine/Content/EngineMaterials/BaseFlattenEmissiveMap.uasset" 423
"../../../Engine/Content/EngineMaterials/BaseFlattenEmissiveMap.uexp" 424
"../../../Engine/Content/EngineMaterials/BaseFlattenLinearColor.uasset" 425
"../../../Engine/Content/EngineMaterials/BaseFlattenLinearColor.uexp" 426
"../../../Engine/Content/EngineMaterials/FlattenMaterial.uasset" 427
"../../../Engine/Content/EngineMaterials/FlattenMaterial.uexp" 428
"../../../Engine/Content/EngineMaterials/DefaultWhiteGrid_Low.uasset" 429
"../../../Engine/Content/EngineMaterials/DefaultWhiteGrid_Low.uexp" 430
"../../../Engine/Content/EngineMaterials/EmissiveMeshMaterial.uasset" 431
"../../../Engine/Content/EngineMaterials/EmissiveMeshMaterial.uexp" 432
"../../../Engine/Content/EngineMaterials/DefaultWhiteGrid.ubulk" 433
"../../../Engine/Content/EngineMaterials/DefaultWhiteGrid.uasset" 434
"../../../Engine/Content/EngineMaterials/DefaultWhiteGrid.uexp" 435
"../../../Engine/Content/EngineFonts/RobotoDistanceField.uasset" 436
"../../../Engine/Content/EngineFonts/RobotoDistanceField.uexp" 437
"../../../Engine/Content/EngineMaterials/DefaultTextMaterialOpaque.uasset" 438
"../../../Engine/Content/EngineMaterials/DefaultTextMaterialOpaque.uexp" 439
"../../../Engine/Content/EngineMaterials/DefaultDiffuse.ubulk" 440
"../../../Engine/Content/EngineMaterials/DefaultDiffuse.uasset" 441
"../../../Engine/Content/EngineMaterials/DefaultDiffuse.uexp" 442
"../../../Engine/Content/Functions/Engine_MaterialFunctions02/Utility/BreakOutFloat2Components.uasset" 443
"../../../Engine/Content/Functions/Engine_MaterialFunctions02/Utility/BreakOutFloat2Components.uexp" 444
"../../../Engine/Content/EngineMaterials/DefaultPostProcessMaterial.uasset" 445
"../../../Engine/Content/EngineMaterials/DefaultPostProcessMaterial.uexp" 446
"../../../Engine/Content/EngineMaterials/DefaultLightFunctionMaterial.uasset" 447
"../../../Engine/Content/EngineMaterials/DefaultLightFunctionMaterial.uexp" 448
"../../../Engine/Content/EngineMaterials/DefaultDestructiblePhysicalMaterial.uasset" 449
"../../../Engine/Content/EngineMaterials/DefaultDestructiblePhysicalMaterial.uexp" 450
"../../../Engine/Content/EngineMaterials/DefaultDeferredDecalMaterial.uasset" 451
"../../../Engine/Content/EngineMaterials/DefaultDeferredDecalMaterial.uexp" 452
"../../../Engine/Content/EngineMaterials/DefaultBokeh.uasset" 453
"../../../Engine/Content/EngineMaterials/DefaultBokeh.uexp" 454
"../../../Engine/Content/EngineMaterials/DefaultBloomKernel.uasset" 455
"../../../Engine/Content/EngineMaterials/DefaultBloomKernel.uexp" 456
"../../../Engine/Content/EngineMaterials/BlueNoise.uasset" 457
"../../../Engine/Content/EngineMaterials/BlueNoise.uexp" 458
"../../../Engine/Content/Functions/Engine_MaterialFunctions02/Utility/CameraDirectionVector.uasset" 459
"../../../Engine/Content/Functions/Engine_MaterialFunctions02/Utility/CameraDirectionVector.uexp" 460
"../../../Engine/Content/EngineDebugMaterials/VolumeToRender.uasset" 461
"../../../Engine/Content/EngineDebugMaterials/VolumeToRender.uexp" 462
"../../../Engine/Content/EngineDebugMaterials/M_VolumeRenderSphereTracePP.uasset" 463
"../../../Engine/Content/EngineDebugMaterials/M_VolumeRenderSphereTracePP.uexp" 464
"../../../Engine/Content/EngineDebugMaterials/M_SimpleUnlitTranslucent.uasset" 465
"../../../Engine/Content/EngineDebugMaterials/M_SimpleUnlitTranslucent.uexp" 466
"../../../Engine/Content/EngineDebugMaterials/DebugMeshMaterial.uasset" 467
"../../../Engine/Content/EngineDebugMaterials/DebugMeshMaterial.uexp" 468
"../../../Engine/Content/EngineDebugMaterials/DebugEditorMaterial.uasset" 469
"../../../Engine/Content/EngineDebugMaterials/DebugEditorMaterial.uexp" 470
"../../../Engine/Content/EngineDamageTypes/DmgTypeBP_Environmental.uasset" 471
"../../../Engine/Content/EngineDamageTypes/DmgTypeBP_Environmental.uexp" 472
"../../../Engine/Content/EditorResources/S_TriggerSphere.uasset" 473
"../../../Engine/Content/EditorResources/S_TriggerSphere.uexp" 474
"../../../Engine/Content/EditorResources/S_TriggerCapsule.uasset" 475
"../../../Engine/Content/EditorResources/S_TriggerCapsule.uexp" 476
"../../../Engine/Content/EditorResources/S_TriggerBox.uasset" 477
"../../../Engine/Content/EditorResources/S_TriggerBox.uexp" 478
"../../../Engine/Content/EditorResources/S_Trigger.ubulk" 479
"../../../Engine/Content/EditorResources/S_Trigger.uasset" 480
"../../../Engine/Content/EditorResources/S_Trigger.uexp" 481
"../../../Engine/Content/EditorResources/S_Terrain.ubulk" 482
"../../../Engine/Content/EditorResources/S_Terrain.uasset" 483
"../../../Engine/Content/EditorResources/S_Terrain.uexp" 484
"../../../Engine/Content/EditorResources/S_Solver.ubulk" 485
"../../../Engine/Content/EditorResources/S_Solver.uasset" 486
"../../../Engine/Content/EditorResources/S_Solver.uexp" 487
"../../../Engine/Content/EditorResources/S_BoxReflectionCapture.uasset" 488
"../../../Engine/Content/EditorResources/S_BoxReflectionCapture.uexp" 489
"../../../Engine/Content/EditorResources/S_Actor.ubulk" 490
"../../../Engine/Content/EditorResources/S_Actor.uasset" 491
"../../../Engine/Content/EditorResources/S_Actor.uexp" 492
"../../../Engine/Content/EditorResources/EmptyActor.uasset" 493
"../../../Engine/Content/EditorResources/EmptyActor.uexp" 494
"../../../Engine/Content/EditorResources/BSPVertex.uasset" 495
"../../../Engine/Content/EditorResources/BSPVertex.uexp" 496
"../../../Engine/Content/EditorResources/SequenceRecorder/RecordingIndicator.uasset" 497
"../../../Engine/Content/EditorResources/SequenceRecorder/RecordingIndicator.uexp" 498
"../../../Engine/Content/EditorResources/SequenceRecorder/Countdown.uasset" 499
"../../../Engine/Content/EditorResources/SequenceRecorder/Countdown.uexp" 500
"../../../Engine/Content/EditorMaterials/Camera/CineMat.uasset" 501
"../../../Engine/Content/EditorMaterials/Camera/CineMat.uexp" 502
"../../../Engine/Content/EditorMaterials/Camera/MI_CineMat_Rig.uasset" 503
"../../../Engine/Content/EditorMaterials/Camera/MI_CineMat_Rig.uexp" 504
"../../../Engine/Content/EditorMeshes/Camera/SM_RailRig_Track.ubulk" 505
"../../../Engine/Content/EditorMeshes/Camera/SM_RailRig_Track.uasset" 506
"../../../Engine/Content/EditorMeshes/Camera/SM_RailRig_Track.uexp" 507
"../../../Engine/Content/EditorMeshes/Camera/SM_RailRig_Mount.ubulk" 508
"../../../Engine/Content/EditorMeshes/Camera/SM_RailRig_Mount.uasset" 509
"../../../Engine/Content/EditorMeshes/Camera/SM_RailRig_Mount.uexp" 510
"../../../Engine/Content/EditorMeshes/Camera/SM_CraneRig_Mount.ubulk" 511
"../../../Engine/Content/EditorMeshes/Camera/SM_CraneRig_Mount.uasset" 512
"../../../Engine/Content/EditorMeshes/Camera/SM_CraneRig_Mount.uexp" 513
"../../../Engine/Content/EditorMeshes/Camera/SM_CraneRig_Body.ubulk" 514
"../../../Engine/Content/EditorMeshes/Camera/SM_CraneRig_Body.uasset" 515
"../../../Engine/Content/EditorMeshes/Camera/SM_CraneRig_Body.uexp" 516
"../../../Engine/Content/EditorMeshes/Camera/SM_CraneRig_Base.ubulk" 517
"../../../Engine/Content/EditorMeshes/Camera/SM_CraneRig_Base.uasset" 518
"../../../Engine/Content/EditorMeshes/Camera/SM_CraneRig_Base.uexp" 519
"../../../Engine/Content/EditorMeshes/Camera/SM_CraneRig_Arm.ubulk" 520
"../../../Engine/Content/EditorMeshes/Camera/SM_CraneRig_Arm.uasset" 521
"../../../Engine/Content/EditorMeshes/Camera/SM_CraneRig_Arm.uexp" 522
"../../../Engine/Content/EditorMaterials/PreviewShadowIndicator.ubulk" 523
"../../../Engine/Content/EditorMaterials/PreviewShadowIndicator.uasset" 524
"../../../Engine/Content/EditorMaterials/PreviewShadowIndicator.uexp" 525
"../../../Engine/Content/EditorMaterials/PreviewShadowIndicatorMaterial.uasset" 526
"../../../Engine/Content/EditorMaterials/PreviewShadowIndicatorMaterial.uexp" 527
"../../../Engine/Content/EditorMaterials/MAT_Groups_Visibility.uasset" 528
"../../../Engine/Content/EditorMaterials/MAT_Groups_Visibility.uexp" 529
"../../../Engine/Content/EditorMaterials/MAT_Groups_Toggle.uasset" 530
"../../../Engine/Content/EditorMaterials/MAT_Groups_Toggle.uexp" 531
"../../../Engine/Content/Functions/Engine_MaterialFunctions02/Utility/MakeFloat4.uasset" 532
"../../../Engine/Content/Functions/Engine_MaterialFunctions02/Utility/MakeFloat4.uexp" 533
"../../../Engine/Content/EditorMaterials/WorldPartition/WorldPartitionSpatialHashGridPreviewMaterial.uasset" 534
"../../../Engine/Content/EditorMaterials/WorldPartition/WorldPartitionSpatialHashGridPreviewMaterial.uexp" 535
"../../../Engine/Content/EditorMaterials/ParticleSystems/PSysThumbnail_OOD.ubulk" 536
"../../../Engine/Content/EditorMaterials/ParticleSystems/PSysThumbnail_OOD.uasset" 537
"../../../Engine/Content/EditorMaterials/ParticleSystems/PSysThumbnail_OOD.uexp" 538
"../../../Engine/Content/EditorMaterials/ParticleSystems/PSysThumbnail_NoImage.ubulk" 539
"../../../Engine/Content/EditorMaterials/ParticleSystems/PSysThumbnail_NoImage.uasset" 540
"../../../Engine/Content/EditorMaterials/ParticleSystems/PSysThumbnail_NoImage.uexp" 541
"../../../Engine/Content/EditorMaterials/MatineeGroups/MAT_Groups_Vector.uasset" 542
"../../../Engine/Content/EditorMaterials/MatineeGroups/MAT_Groups_Vector.uexp" 543
"../../../Engine/Content/EditorMaterials/MatineeGroups/MAT_Groups_Sound.uasset" 544
"../../../Engine/Content/EditorMaterials/MatineeGroups/MAT_Groups_Sound.uexp" 545
"../../../Engine/Content/EditorMaterials/MatineeGroups/MAT_Groups_Slomo.uasset" 546
"../../../Engine/Content/EditorMaterials/MatineeGroups/MAT_Groups_Slomo.uexp" 547
"../../../Engine/Content/EditorMaterials/MatineeGroups/MAT_Groups_Move.uasset" 548
"../../../Engine/Content/EditorMaterials/MatineeGroups/MAT_Groups_Move.uexp" 549
"../../../Engine/Content/EditorMaterials/MatineeGroups/MAT_Groups_Float.uasset" 550
"../../../Engine/Content/EditorMaterials/MatineeGroups/MAT_Groups_Float.uexp" 551
"../../../Engine/Content/EditorMaterials/MatineeGroups/MAT_Groups_Fade.uasset" 552
"../../../Engine/Content/EditorMaterials/MatineeGroups/MAT_Groups_Fade.uexp" 553
"../../../Engine/Content/EditorMaterials/MatineeGroups/MAT_Groups_Event.uasset" 554
"../../../Engine/Content/EditorMaterials/MatineeGroups/MAT_Groups_Event.uexp" 555
"../../../Engine/Content/EditorMaterials/MatineeGroups/MAT_Groups_Director.uasset" 556
"../../../Engine/Content/EditorMaterials/MatineeGroups/MAT_Groups_Director.uexp" 557
"../../../Engine/Content/EditorMaterials/MatineeGroups/MAT_Groups_AudioMaster.uasset" 558
"../../../Engine/Content/EditorMaterials/MatineeGroups/MAT_Groups_AudioMaster.uexp" 559
"../../../Engine/Content/EditorMaterials/MatineeGroups/MAT_Groups_Anim.uasset" 560
"../../../Engine/Content/EditorMaterials/MatineeGroups/MAT_Groups_Anim.uexp" 561
"../../../Engine/Content/EditorMaterials/MatineeGroups/MAT_ColorTrack.uasset" 562
"../../../Engine/Content/EditorMaterials/MatineeGroups/MAT_ColorTrack.uexp" 563
"../../../Engine/Content/EditorLandscapeResources/DefaultAlphaTexture.uasset" 564
"../../../Engine/Content/EditorLandscapeResources/DefaultAlphaTexture.uexp" 565
"../../../Engine/Content/EditorLandscapeResources/DataLayer.uasset" 566
"../../../Engine/Content/EditorLandscapeResources/DataLayer.uexp" 567
"../../../Engine/Content/EngineMaterials/DefaultMaterial.uasset" 568
"../../../Engine/Content/EngineMaterials/DefaultMaterial.uexp" 569
"../../../Engine/Content/BasicShapes/Sphere.ubulk" 570
"../../../Engine/Content/BasicShapes/Sphere.uasset" 571
"../../../Engine/Content/BasicShapes/Sphere.uexp" 572
"../../../Engine/Content/BasicShapes/Cylinder.ubulk" 573
"../../../Engine/Content/BasicShapes/Cylinder.uasset" 574
"../../../Engine/Content/BasicShapes/Cylinder.uexp" 575
"../../../Engine/Content/BasicShapes/Cone.ubulk" 576
"../../../Engine/Content/BasicShapes/Cone.uasset" 577
"../../../Engine/Content/BasicShapes/Cone.uexp" 578
"../../../Engine/Content/ArtTools/RenderToTexture/Meshes/S_1_Unit_Plane.ubulk" 579
"../../../Engine/Content/ArtTools/RenderToTexture/Meshes/S_1_Unit_Plane.uasset" 580
"../../../Engine/Content/ArtTools/RenderToTexture/Meshes/S_1_Unit_Plane.uexp" 581
"D:/Workspace/UE_Workspace/UE5Project/Plugins/ExGameplayPlugin/Content/PawnBasicInput/Actions/IA_Turn.uasset" 582
"D:/Workspace/UE_Workspace/UE5Project/Plugins/ExGameplayPlugin/Content/PawnBasicInput/Actions/IA_Turn.uexp" 583
"D:/Workspace/UE_Workspace/UE5Project/Plugins/ExGameplayPlugin/Content/PawnBasicInput/Actions/IA_Jump.uasset" 584
"D:/Workspace/UE_Workspace/UE5Project/Plugins/ExGameplayPlugin/Content/PawnBasicInput/Actions/IA_Jump.uexp" 585
"D:/Workspace/UE_Workspace/UE5Project/Plugins/ExGameplayPlugin/Content/PawnBasicInput/Actions/IA_LookUp.uasset" 586
"D:/Workspace/UE_Workspace/UE5Project/Plugins/ExGameplayPlugin/Content/PawnBasicInput/Actions/IA_LookUp.uexp" 587
"D:/Workspace/UE_Workspace/UE5Project/Plugins/ExGameplayPlugin/Content/PawnBasicInput/Actions/IA_MoveRight.uasset" 588
"D:/Workspace/UE_Workspace/UE5Project/Plugins/ExGameplayPlugin/Content/PawnBasicInput/Actions/IA_MoveRight.uexp" 589
"D:/Workspace/UE_Workspace/UE5Project/Plugins/ExGameplayPlugin/Content/PawnBasicInput/Actions/IA_MoveForward.uasset" 590
"D:/Workspace/UE_Workspace/UE5Project/Plugins/ExGameplayPlugin/Content/PawnBasicInput/Actions/IA_MoveForward.uexp" 591
"D:/Workspace/UE_Workspace/UE5Project/Plugins/ExGameplayPlugin/Content/PawnBasicInput/IMC_PawnBasicInput.uasset" 592
"D:/Workspace/UE_Workspace/UE5Project/Plugins/ExGameplayPlugin/Content/PawnBasicInput/IMC_PawnBasicInput.uexp" 593
"D:/Workspace/UE_Workspace/UE5Project/Plugins/ExGameplayPlugin/Content/PawnBasicInput/BP_PawnBasicInput.uasset" 594
"D:/Workspace/UE_Workspace/UE5Project/Plugins/ExGameplayPlugin/Content/PawnBasicInput/BP_PawnBasicInput.uexp" 595
"D:/Workspace/UE_Workspace/UE5Project/Content/MainContent/TestContent/RPC/BP_TestRPCActor.uasset" 596
"D:/Workspace/UE_Workspace/UE5Project/Content/MainContent/TestContent/RPC/BP_TestRPCActor.uexp" 597
"D:/Workspace/UE_Workspace/UE5Project/Content/StarterContent/Shapes/Shape_Cylinder.ubulk" 598
"D:/Workspace/UE_Workspace/UE5Project/Content/StarterContent/Shapes/Shape_Cylinder.uasset" 599
"D:/Workspace/UE_Workspace/UE5Project/Content/StarterContent/Shapes/Shape_Cylinder.uexp" 600
"../../../Engine/Content/BasicShapes/Cube.ubulk" 601
"../../../Engine/Content/BasicShapes/Cube.uasset" 602
"../../../Engine/Content/BasicShapes/Cube.uexp" 603
"D:/Workspace/UE_Workspace/UE5Project/Content/MainContent/Material/M_Color.uasset" 604
"D:/Workspace/UE_Workspace/UE5Project/Content/MainContent/Material/M_Color.uexp" 605
"D:/Workspace/UE_Workspace/UE5Project/Content/MainContent/Material/MI_RedColor.uasset" 606
"D:/Workspace/UE_Workspace/UE5Project/Content/MainContent/Material/MI_RedColor.uexp" 607
"../../../Engine/Content/BasicShapes/BasicShapeMaterial.uasset" 608
"../../../Engine/Content/BasicShapes/BasicShapeMaterial.uexp" 609
"D:/Workspace/UE_Workspace/UE5Project/Content/MainContent/TestContent/BillBoard/BP_BillboardActor.uasset" 610
"D:/Workspace/UE_Workspace/UE5Project/Content/MainContent/TestContent/BillBoard/BP_BillboardActor.uexp" 611
"../../../Engine/Content/Animation/DefaultAnimCurveCompressionSettings.uasset" 612
"../../../Engine/Content/Animation/DefaultAnimCurveCompressionSettings.uexp" 613
"D:/Workspace/UE_Workspace/UE5Project/Content/MainContent/Mannequin/Character/Mesh/UE4_Mannequin_Skeleton.uasset" 614
"D:/Workspace/UE_Workspace/UE5Project/Content/MainContent/Mannequin/Character/Mesh/UE4_Mannequin_Skeleton.uexp" 615
"../../../Engine/Content/Animation/DefaultAnimBoneCompressionSettings.uasset" 616
"../../../Engine/Content/Animation/DefaultAnimBoneCompressionSettings.uexp" 617
"D:/Workspace/UE_Workspace/UE5Project/Content/MainContent/Mannequin/Animations/ThirdPersonJump_Start.uasset" 618
"D:/Workspace/UE_Workspace/UE5Project/Content/MainContent/Mannequin/Animations/ThirdPersonJump_Start.uexp" 619
"D:/Workspace/UE_Workspace/UE5Project/Content/MainContent/Mannequin/Animations/ThirdPersonRun.uasset" 620
"D:/Workspace/UE_Workspace/UE5Project/Content/MainContent/Mannequin/Animations/ThirdPersonRun.uexp" 621
"D:/Workspace/UE_Workspace/UE5Project/Content/MainContent/Mannequin/Animations/ThirdPersonIdle.uasset" 622
"D:/Workspace/UE_Workspace/UE5Project/Content/MainContent/Mannequin/Animations/ThirdPersonIdle.uexp" 623
"D:/Workspace/UE_Workspace/UE5Project/Content/MainContent/Mannequin/Animations/ThirdPersonWalk.uasset" 624
"D:/Workspace/UE_Workspace/UE5Project/Content/MainContent/Mannequin/Animations/ThirdPersonWalk.uexp" 625
"D:/Workspace/UE_Workspace/UE5Project/Content/MainContent/Mannequin/Animations/ThirdPerson_IdleRun_2D.uasset" 626
"D:/Workspace/UE_Workspace/UE5Project/Content/MainContent/Mannequin/Animations/ThirdPerson_IdleRun_2D.uexp" 627
"D:/Workspace/UE_Workspace/UE5Project/Content/MainContent/Mannequin/Animations/ThirdPersonJump_Loop.uasset" 628
"D:/Workspace/UE_Workspace/UE5Project/Content/MainContent/Mannequin/Animations/ThirdPersonJump_Loop.uexp" 629
"D:/Workspace/UE_Workspace/UE5Project/Content/MainContent/Mannequin/Animations/ThirdPerson_Jump.uasset" 630
"D:/Workspace/UE_Workspace/UE5Project/Content/MainContent/Mannequin/Animations/ThirdPerson_Jump.uexp" 631
"D:/Workspace/UE_Workspace/UE5Project/Content/MainContent/Mannequin/Animations/ThirdPerson_AnimBP.uasset" 632
"D:/Workspace/UE_Workspace/UE5Project/Content/MainContent/Mannequin/Animations/ThirdPerson_AnimBP.uexp" 633
"D:/Workspace/UE_Workspace/UE5Project/Content/MainContent/Mannequin/Character/Mesh/SK_Mannequin_PhysicsAsset.uasset" 634
"D:/Workspace/UE_Workspace/UE5Project/Content/MainContent/Mannequin/Character/Mesh/SK_Mannequin_PhysicsAsset.uexp" 635
"D:/Workspace/UE_Workspace/UE5Project/Content/MainContent/Mannequin/Character/Textures/T_UE4Logo_N.ubulk" 636
"D:/Workspace/UE_Workspace/UE5Project/Content/MainContent/Mannequin/Character/Textures/T_UE4Logo_N.uasset" 637
"D:/Workspace/UE_Workspace/UE5Project/Content/MainContent/Mannequin/Character/Textures/T_UE4Logo_N.uexp" 638
"D:/Workspace/UE_Workspace/UE5Project/Content/MainContent/Mannequin/Character/Materials/MaterialLayers/T_ML_Aluminum01_N.ubulk" 639
"D:/Workspace/UE_Workspace/UE5Project/Content/MainContent/Mannequin/Character/Materials/MaterialLayers/T_ML_Aluminum01_N.uasset" 640
"D:/Workspace/UE_Workspace/UE5Project/Content/MainContent/Mannequin/Character/Materials/MaterialLayers/T_ML_Aluminum01_N.uexp" 641
"D:/Workspace/UE_Workspace/UE5Project/Content/MainContent/Mannequin/Character/Materials/MaterialLayers/T_ML_Aluminum01.ubulk" 642
"D:/Workspace/UE_Workspace/UE5Project/Content/MainContent/Mannequin/Character/Materials/MaterialLayers/T_ML_Aluminum01.uasset" 643
"D:/Workspace/UE_Workspace/UE5Project/Content/MainContent/Mannequin/Character/Materials/MaterialLayers/T_ML_Aluminum01.uexp" 644
"D:/Workspace/UE_Workspace/UE5Project/Content/MainContent/Mannequin/Character/Materials/MaterialLayers/ML_SoftMetal_UE4.uasset" 645
"D:/Workspace/UE_Workspace/UE5Project/Content/MainContent/Mannequin/Character/Materials/MaterialLayers/ML_SoftMetal_UE4.uexp" 646
"../../../Engine/Content/Functions/Engine_MaterialFunctions02/Utility/BlendAngleCorrectedNormals.uasset" 647
"../../../Engine/Content/Functions/Engine_MaterialFunctions02/Utility/BlendAngleCorrectedNormals.uexp" 648
"../../../Engine/Content/Functions/MaterialLayerFunctions/MatLayerBlend_NormalBlend.uasset" 649
"../../../Engine/Content/Functions/MaterialLayerFunctions/MatLayerBlend_NormalBlend.uexp" 650
"D:/Workspace/UE_Workspace/UE5Project/Content/MainContent/Mannequin/Character/Materials/MaterialLayers/ML_Plastic_Shiny_Beige.uasset" 651
"D:/Workspace/UE_Workspace/UE5Project/Content/MainContent/Mannequin/Character/Materials/MaterialLayers/ML_Plastic_Shiny_Beige.uexp" 652
"../../../Engine/Content/Functions/MaterialLayerFunctions/MatLayerBlend_Simple.uasset" 653
"../../../Engine/Content/Functions/MaterialLayerFunctions/MatLayerBlend_Simple.uexp" 654
"D:/Workspace/UE_Workspace/UE5Project/Content/MainContent/Mannequin/Character/Textures/T_UE4Logo_Mask.ubulk" 655
"D:/Workspace/UE_Workspace/UE5Project/Content/MainContent/Mannequin/Character/Textures/T_UE4Logo_Mask.uasset" 656
"D:/Workspace/UE_Workspace/UE5Project/Content/MainContent/Mannequin/Character/Textures/T_UE4Logo_Mask.uexp" 657
"D:/Workspace/UE_Workspace/UE5Project/Content/MainContent/Mannequin/Character/Materials/MaterialLayers/ML_Plastic_Shiny_Beige_LOGO.uasset" 658
"D:/Workspace/UE_Workspace/UE5Project/Content/MainContent/Mannequin/Character/Materials/MaterialLayers/ML_Plastic_Shiny_Beige_LOGO.uexp" 659
"D:/Workspace/UE_Workspace/UE5Project/Content/MainContent/Mannequin/Character/Materials/MaterialLayers/T_ML_Rubber_Blue_01_D.ubulk" 660
"D:/Workspace/UE_Workspace/UE5Project/Content/MainContent/Mannequin/Character/Materials/MaterialLayers/T_ML_Rubber_Blue_01_D.uasset" 661
"D:/Workspace/UE_Workspace/UE5Project/Content/MainContent/Mannequin/Character/Materials/MaterialLayers/T_ML_Rubber_Blue_01_D.uexp" 662
"D:/Workspace/UE_Workspace/UE5Project/Content/MainContent/Mannequin/Character/Materials/MaterialLayers/T_ML_Rubber_Blue_01_N.ubulk" 663
"D:/Workspace/UE_Workspace/UE5Project/Content/MainContent/Mannequin/Character/Materials/MaterialLayers/T_ML_Rubber_Blue_01_N.uasset" 664
"D:/Workspace/UE_Workspace/UE5Project/Content/MainContent/Mannequin/Character/Materials/MaterialLayers/T_ML_Rubber_Blue_01_N.uexp" 665
"D:/Workspace/UE_Workspace/UE5Project/Content/MainContent/Mannequin/Character/Materials/MaterialLayers/ML_GlossyBlack_Latex_UE4.uasset" 666
"D:/Workspace/UE_Workspace/UE5Project/Content/MainContent/Mannequin/Character/Materials/MaterialLayers/ML_GlossyBlack_Latex_UE4.uexp" 667
"D:/Workspace/UE_Workspace/UE5Project/Content/MainContent/Mannequin/Character/Textures/T_Male_Mask.ubulk" 668
"D:/Workspace/UE_Workspace/UE5Project/Content/MainContent/Mannequin/Character/Textures/T_Male_Mask.uasset" 669
"D:/Workspace/UE_Workspace/UE5Project/Content/MainContent/Mannequin/Character/Textures/T_Male_Mask.uexp" 670
"D:/Workspace/UE_Workspace/UE5Project/Content/MainContent/Mannequin/Character/Textures/T_Male_N.ubulk" 671
"D:/Workspace/UE_Workspace/UE5Project/Content/MainContent/Mannequin/Character/Textures/T_Male_N.uasset" 672
"D:/Workspace/UE_Workspace/UE5Project/Content/MainContent/Mannequin/Character/Textures/T_Male_N.uexp" 673
"D:/Workspace/UE_Workspace/UE5Project/Content/MainContent/Mannequin/Character/Materials/M_Male_Body.uasset" 674
"D:/Workspace/UE_Workspace/UE5Project/Content/MainContent/Mannequin/Character/Materials/M_Male_Body.uexp" 675
"D:/Workspace/UE_Workspace/UE5Project/Content/MainContent/Mannequin/Character/Materials/M_UE4Man_ChestLogo.uasset" 676
"D:/Workspace/UE_Workspace/UE5Project/Content/MainContent/Mannequin/Character/Materials/M_UE4Man_ChestLogo.uexp" 677
"D:/Workspace/UE_Workspace/UE5Project/Content/MainContent/Mannequin/Character/Mesh/SK_Mannequin.uasset" 678
"D:/Workspace/UE_Workspace/UE5Project/Content/MainContent/Mannequin/Character/Mesh/SK_Mannequin.uexp" 679
"D:/Workspace/UE_Workspace/UE5Project/Content/MainContent/Gameplay/GameBase/BP_Character.uasset" 680
"D:/Workspace/UE_Workspace/UE5Project/Content/MainContent/Gameplay/GameBase/BP_Character.uexp" 681
"D:/Workspace/UE_Workspace/UE5Project/Plugins/GameFeatures/TestAction/Content/TestAction.uasset" 682
"D:/Workspace/UE_Workspace/UE5Project/Plugins/GameFeatures/TestAction/Content/TestAction.uexp" 683
"D:/Workspace/UE_Workspace/UE5Project/Plugins/GameFeatures/FirstGameFeature/Content/FirstGameFeature.uasset" 684
"D:/Workspace/UE_Workspace/UE5Project/Plugins/GameFeatures/FirstGameFeature/Content/FirstGameFeature.uexp" 685
"../../../Engine/Content/BasicShapes/Plane.ubulk" 686
"../../../Engine/Content/BasicShapes/Plane.uasset" 687
"../../../Engine/Content/BasicShapes/Plane.uexp" 688
"D:/Workspace/UE_Workspace/UE5Project/Content/MainContent/TestContent/BP_TestLocation.uasset" 689
"D:/Workspace/UE_Workspace/UE5Project/Content/MainContent/TestContent/BP_TestLocation.uexp" 690
"../../../Engine/Content/EngineSky/C_Sky_Horizon_Color.uasset" 691
"../../../Engine/Content/EngineSky/C_Sky_Horizon_Color.uexp" 692
"../../../Engine/Content/EngineSky/T_Sky_Stars.ubulk" 693
"../../../Engine/Content/EngineSky/T_Sky_Stars.uasset" 694
"../../../Engine/Content/EngineSky/T_Sky_Stars.uexp" 695
"../../../Engine/Content/EngineSky/T_Sky_Clouds_M.ubulk" 696
"../../../Engine/Content/EngineSky/T_Sky_Clouds_M.uasset" 697
"../../../Engine/Content/EngineSky/T_Sky_Clouds_M.uexp" 698
"../../../Engine/Content/EngineSky/T_Sky_Blue.ubulk" 699
"../../../Engine/Content/EngineSky/T_Sky_Blue.uasset" 700
"../../../Engine/Content/EngineSky/T_Sky_Blue.uexp" 701
"../../../Engine/Content/EngineSky/M_Sky_Panning_Clouds2.uasset" 702
"../../../Engine/Content/EngineSky/M_Sky_Panning_Clouds2.uexp" 703
"../../../Engine/Content/EngineSky/SM_SkySphere.ubulk" 704
"../../../Engine/Content/EngineSky/SM_SkySphere.uasset" 705
"../../../Engine/Content/EngineSky/SM_SkySphere.uexp" 706
"../../../Engine/Content/EngineSky/C_Sky_Cloud_Color.uasset" 707
"../../../Engine/Content/EngineSky/C_Sky_Cloud_Color.uexp" 708
"../../../Engine/Content/EngineSky/C_Sky_Zenith_Color.uasset" 709
"../../../Engine/Content/EngineSky/C_Sky_Zenith_Color.uexp" 710
"../../../Engine/Content/EngineSky/BP_Sky_Sphere.uasset" 711
"../../../Engine/Content/EngineSky/BP_Sky_Sphere.uexp" 712
"../../../Engine/Content/EngineMaterials/DefaultPhysicalMaterial.uasset" 713
"../../../Engine/Content/EngineMaterials/DefaultPhysicalMaterial.uexp" 714
"D:/Workspace/UE_Workspace/UE5Project/Content/MainContent/Gameplay/GameBase/BP_GameState.uasset" 715
"D:/Workspace/UE_Workspace/UE5Project/Content/MainContent/Gameplay/GameBase/BP_GameState.uexp" 716
"D:/Workspace/UE_Workspace/UE5Project/Content/MainContent/Gameplay/GameBase/BP_PlayerGameController.uasset" 717
"D:/Workspace/UE_Workspace/UE5Project/Content/MainContent/Gameplay/GameBase/BP_PlayerGameController.uexp" 718
"D:/Workspace/UE_Workspace/UE5Project/Content/MainContent/Gameplay/GameBase/BP_GameMode.uasset" 719
"D:/Workspace/UE_Workspace/UE5Project/Content/MainContent/Gameplay/GameBase/BP_GameMode.uexp" 720
"D:/Workspace/UE_Workspace/UE5Project/Content/MainContent/MyTestMap.uexp" 721
"D:/Workspace/UE_Workspace/UE5Project/Content/MainContent/MyTestMap.ubulk" 722
"D:/Workspace/UE_Workspace/UE5Project/Content/MainContent/MyTestMap.umap" 723
"../../../Engine/Content/Maps/Entry_BuiltData.uasset" 724
"../../../Engine/Content/Maps/Entry_BuiltData.uexp" 725
"../../../Engine/Content/Maps/Entry.uexp" 726
"../../../Engine/Content/Maps/Entry.umap" 727
